<?xml version="1.0" encoding="UTF-8"?><testsuite errors="0" failures="0" name="com.petstore.testsuite.UserCRUDTest" skipped="0" tests="4" time="20.2" timestamp="2023-01-03T16:24:58.255Z[Europe/London]"><testcase classname="com.petstore.testsuite.UserCRUDTest" name="This will create a new user id : {0}, username : {1}, firstName : {2}, lastName : {3}, email : {4}, password : {5}, phone : {6}, userStatus : {7}"/><testcase classname="com.petstore.testsuite.UserCRUDTest" name="This will verify that new user has been created"/><testcase classname="com.petstore.testsuite.UserCRUDTest" name="This will update a new user"/><testcase classname="com.petstore.testsuite.UserCRUDTest" name="Deleting user and verifying user is delted"/></testsuite>